name of display: :0
display: :0  screen: 0
direct rendering: No (If you want to find out why, try setting LIBGL_DEBUG=verbose)
server glx vendor string: SGI
server glx version string: 1.4
server glx extensions:
    GLX_ARB_multisample, GLX_EXT_import_context, GLX_EXT_texture_from_pixmap, 
    GLX_EXT_visual_info, GLX_EXT_visual_rating, GLX_INTEL_swap_event, 
    GLX_MESA_copy_sub_buffer, GLX_OML_swap_method, GLX_SGIS_multisample, 
    GLX_SGIX_fbconfig, GLX_SGIX_pbuffer, GLX_SGI_make_current_read
client glx vendor string: Vivante Corp
client glx version string: 1.4
client glx extensions:
    GLX_ARB_get_proc_address, GLX_SGIX_fbconfig, GLX_SGIX_pbuffer, 
    GLX_SGI_make_current_read
GLX version: 1.4
GLX extensions:
    GLX_SGIX_fbconfig, GLX_SGIX_pbuffer, GLX_SGI_make_current_read
OpenGL vendor string: VMware, Inc.
OpenGL renderer string: Gallium 0.4 on softpipe
OpenGL version string: 1.4 (2.1 Mesa 8.0.4)
OpenGL extensions:

120 GLX Visuals
    visual  x   bf lv rg d st  colorbuffer  sr ax dp st accumbuffer  ms  cav
  id dep cl sp  sz l  ci b ro  r  g  b  a F gb bf th cl  r  g  b  a ns b eat
----------------------------------------------------------------------------
0x021 24 tc  0  32  0 r  y .   8  8  8  8 .  .  0 24  8  0  0  0  0  0 0 None
0x0f6 24 tc  0  32  0 r  . .   8  8  8  8 .  .  0  0  0  0  0  0  0  0 0 None
0x0f7 24 tc  0  32  0 r  . .   8  8  8  8 .  .  0  0  0 16 16 16 16  0 0 None
0x0f8 24 tc  0  32  0 r  y .   8  8  8  8 .  .  0  0  0  0  0  0  0  0 0 None
0x0f9 24 tc  0  32  0 r  y .   8  8  8  8 .  .  0  0  0 16 16 16 16  0 0 None
0x0fa 24 tc  0  32  0 r  y .   8  8  8  8 .  .  0  0  0  0  0  0  0  0 0 None
0x0fb 24 tc  0  32  0 r  y .   8  8  8  8 .  .  0  0  0 16 16 16 16  0 0 None
0x0fc 24 tc  0  32  0 r  . .   8  8  8  8 .  .  0 16  0  0  0  0  0  0 0 None
0x0fd 24 tc  0  32  0 r  . .   8  8  8  8 .  .  0 16  0 16 16 16 16  0 0 None
0x0fe 24 tc  0  32  0 r  y .   8  8  8  8 .  .  0 16  0  0  0  0  0  0 0 None
0x0ff 24 tc  0  32  0 r  y .   8  8  8  8 .  .  0 16  0 16 16 16 16  0 0 None
0x100 24 tc  0  32  0 r  y .   8  8  8  8 .  .  0 16  0  0  0  0  0  0 0 None
0x101 24 tc  0  32  0 r  y .   8  8  8  8 .  .  0 16  0 16 16 16 16  0 0 None
0x102 24 tc  0  32  0 r  . .   8  8  8  8 .  .  0 24  0  0  0  0  0  0 0 None
0x103 24 tc  0  32  0 r  . .   8  8  8  8 .  .  0 24  0 16 16 16 16  0 0 None
0x104 24 tc  0  32  0 r  y .   8  8  8  8 .  .  0 24  0  0  0  0  0  0 0 None
0x105 24 tc  0  32  0 r  y .   8  8  8  8 .  .  0 24  0 16 16 16 16  0 0 None
0x106 24 tc  0  32  0 r  y .   8  8  8  8 .  .  0 24  0  0  0  0  0  0 0 None
0x107 24 tc  0  32  0 r  y .   8  8  8  8 .  .  0 24  0 16 16 16 16  0 0 None
0x108 24 tc  0  32  0 r  . .   8  8  8  8 .  .  0 24  8  0  0  0  0  0 0 None
0x109 24 tc  0  32  0 r  . .   8  8  8  8 .  .  0 24  8 16 16 16 16  0 0 None
0x10a 24 tc  0  32  0 r  y .   8  8  8  8 .  .  0 24  8 16 16 16 16  0 0 None
0x10b 24 tc  0  32  0 r  y .   8  8  8  8 .  .  0 24  8 16 16 16 16  0 0 None
0x10c 24 tc  0  32  0 r  . .   8  8  8  8 .  .  0 32  0  0  0  0  0  0 0 None
0x10d 24 tc  0  32  0 r  . .   8  8  8  8 .  .  0 32  0 16 16 16 16  0 0 None
0x10e 24 tc  0  32  0 r  y .   8  8  8  8 .  .  0 32  0  0  0  0  0  0 0 None
0x10f 24 tc  0  32  0 r  y .   8  8  8  8 .  .  0 32  0 16 16 16 16  0 0 None
0x110 24 tc  0  32  0 r  y .   8  8  8  8 .  .  0 32  0  0  0  0  0  0 0 None
0x111 24 tc  0  32  0 r  y .   8  8  8  8 .  .  0 32  0 16 16 16 16  0 0 None
0x112 24 tc  0  24  0 r  . .   8  8  8  0 .  .  0  0  0  0  0  0  0  0 0 None
0x113 24 tc  0  24  0 r  . .   8  8  8  0 .  .  0  0  0 16 16 16  0  0 0 None
0x114 24 tc  0  24  0 r  y .   8  8  8  0 .  .  0  0  0  0  0  0  0  0 0 None
0x115 24 tc  0  24  0 r  y .   8  8  8  0 .  .  0  0  0 16 16 16  0  0 0 None
0x116 24 tc  0  24  0 r  y .   8  8  8  0 .  .  0  0  0  0  0  0  0  0 0 None
0x117 24 tc  0  24  0 r  y .   8  8  8  0 .  .  0  0  0 16 16 16  0  0 0 None
0x118 24 tc  0  24  0 r  . .   8  8  8  0 .  .  0 16  0  0  0  0  0  0 0 None
0x119 24 tc  0  24  0 r  . .   8  8  8  0 .  .  0 16  0 16 16 16  0  0 0 None
0x11a 24 tc  0  24  0 r  y .   8  8  8  0 .  .  0 16  0  0  0  0  0  0 0 None
0x11b 24 tc  0  24  0 r  y .   8  8  8  0 .  .  0 16  0 16 16 16  0  0 0 None
0x11c 24 tc  0  24  0 r  y .   8  8  8  0 .  .  0 16  0  0  0  0  0  0 0 None
0x11d 24 tc  0  24  0 r  y .   8  8  8  0 .  .  0 16  0 16 16 16  0  0 0 None
0x11e 24 tc  0  24  0 r  . .   8  8  8  0 .  .  0 24  0  0  0  0  0  0 0 None
0x11f 24 tc  0  24  0 r  . .   8  8  8  0 .  .  0 24  0 16 16 16  0  0 0 None
0x120 24 tc  0  24  0 r  y .   8  8  8  0 .  .  0 24  0  0  0  0  0  0 0 None
0x121 24 tc  0  24  0 r  y .   8  8  8  0 .  .  0 24  0 16 16 16  0  0 0 None
0x122 24 tc  0  24  0 r  y .   8  8  8  0 .  .  0 24  0  0  0  0  0  0 0 None
0x123 24 tc  0  24  0 r  y .   8  8  8  0 .  .  0 24  0 16 16 16  0  0 0 None
0x124 24 tc  0  24  0 r  . .   8  8  8  0 .  .  0 24  8  0  0  0  0  0 0 None
0x125 24 tc  0  24  0 r  . .   8  8  8  0 .  .  0 24  8 16 16 16  0  0 0 None
0x126 24 tc  0  24  0 r  y .   8  8  8  0 .  .  0 24  8  0  0  0  0  0 0 None
0x127 24 tc  0  24  0 r  y .   8  8  8  0 .  .  0 24  8 16 16 16  0  0 0 None
0x128 24 tc  0  24  0 r  y .   8  8  8  0 .  .  0 24  8  0  0  0  0  0 0 None
0x129 24 tc  0  24  0 r  y .   8  8  8  0 .  .  0 24  8 16 16 16  0  0 0 None
0x12a 24 tc  0  24  0 r  . .   8  8  8  0 .  .  0 32  0  0  0  0  0  0 0 None
0x12b 24 tc  0  24  0 r  . .   8  8  8  0 .  .  0 32  0 16 16 16  0  0 0 None
0x12c 24 tc  0  24  0 r  y .   8  8  8  0 .  .  0 32  0  0  0  0  0  0 0 None
0x12d 24 tc  0  24  0 r  y .   8  8  8  0 .  .  0 32  0 16 16 16  0  0 0 None
0x12e 24 tc  0  24  0 r  y .   8  8  8  0 .  .  0 32  0  0  0  0  0  0 0 None
0x12f 24 tc  0  24  0 r  y .   8  8  8  0 .  .  0 32  0 16 16 16  0  0 0 None
0x130 24 dc  0  32  0 r  . .   8  8  8  8 .  .  0  0  0  0  0  0  0  0 0 None
0x131 24 dc  0  32  0 r  . .   8  8  8  8 .  .  0  0  0 16 16 16 16  0 0 None
0x132 24 dc  0  32  0 r  y .   8  8  8  8 .  .  0  0  0  0  0  0  0  0 0 None
0x133 24 dc  0  32  0 r  y .   8  8  8  8 .  .  0  0  0 16 16 16 16  0 0 None
0x134 24 dc  0  32  0 r  y .   8  8  8  8 .  .  0  0  0  0  0  0  0  0 0 None
0x135 24 dc  0  32  0 r  y .   8  8  8  8 .  .  0  0  0 16 16 16 16  0 0 None
0x136 24 dc  0  32  0 r  . .   8  8  8  8 .  .  0 16  0  0  0  0  0  0 0 None
0x137 24 dc  0  32  0 r  . .   8  8  8  8 .  .  0 16  0 16 16 16 16  0 0 None
0x138 24 dc  0  32  0 r  y .   8  8  8  8 .  .  0 16  0  0  0  0  0  0 0 None
0x139 24 dc  0  32  0 r  y .   8  8  8  8 .  .  0 16  0 16 16 16 16  0 0 None
0x13a 24 dc  0  32  0 r  y .   8  8  8  8 .  .  0 16  0  0  0  0  0  0 0 None
0x13b 24 dc  0  32  0 r  y .   8  8  8  8 .  .  0 16  0 16 16 16 16  0 0 None
0x13c 24 dc  0  32  0 r  . .   8  8  8  8 .  .  0 24  0  0  0  0  0  0 0 None
0x13d 24 dc  0  32  0 r  . .   8  8  8  8 .  .  0 24  0 16 16 16 16  0 0 None
0x13e 24 dc  0  32  0 r  y .   8  8  8  8 .  .  0 24  0  0  0  0  0  0 0 None
0x13f 24 dc  0  32  0 r  y .   8  8  8  8 .  .  0 24  0 16 16 16 16  0 0 None
0x140 24 dc  0  32  0 r  y .   8  8  8  8 .  .  0 24  0  0  0  0  0  0 0 None
0x141 24 dc  0  32  0 r  y .   8  8  8  8 .  .  0 24  0 16 16 16 16  0 0 None
0x142 24 dc  0  32  0 r  . .   8  8  8  8 .  .  0 24  8  0  0  0  0  0 0 None
0x143 24 dc  0  32  0 r  . .   8  8  8  8 .  .  0 24  8 16 16 16 16  0 0 None
0x144 24 dc  0  32  0 r  y .   8  8  8  8 .  .  0 24  8  0  0  0  0  0 0 None
0x145 24 dc  0  32  0 r  y .   8  8  8  8 .  .  0 24  8 16 16 16 16  0 0 None
0x146 24 dc  0  32  0 r  y .   8  8  8  8 .  .  0 24  8  0  0  0  0  0 0 None
0x147 24 dc  0  32  0 r  y .   8  8  8  8 .  .  0 24  8 16 16 16 16  0 0 None
0x148 24 dc  0  32  0 r  . .   8  8  8  8 .  .  0 32  0  0  0  0  0  0 0 None
0x149 24 dc  0  32  0 r  . .   8  8  8  8 .  .  0 32  0 16 16 16 16  0 0 None
0x14a 24 dc  0  32  0 r  y .   8  8  8  8 .  .  0 32  0  0  0  0  0  0 0 None
0x14b 24 dc  0  32  0 r  y .   8  8  8  8 .  .  0 32  0 16 16 16 16  0 0 None
0x14c 24 dc  0  32  0 r  y .   8  8  8  8 .  .  0 32  0  0  0  0  0  0 0 None
0x14d 24 dc  0  32  0 r  y .   8  8  8  8 .  .  0 32  0 16 16 16 16  0 0 None
0x14e 24 dc  0  24  0 r  . .   8  8  8  0 .  .  0  0  0  0  0  0  0  0 0 None
0x14f 24 dc  0  24  0 r  . .   8  8  8  0 .  .  0  0  0 16 16 16  0  0 0 None
0x150 24 dc  0  24  0 r  y .   8  8  8  0 .  .  0  0  0  0  0  0  0  0 0 None
0x151 24 dc  0  24  0 r  y .   8  8  8  0 .  .  0  0  0 16 16 16  0  0 0 None
0x152 24 dc  0  24  0 r  y .   8  8  8  0 .  .  0  0  0  0  0  0  0  0 0 None
0x153 24 dc  0  24  0 r  y .   8  8  8  0 .  .  0  0  0 16 16 16  0  0 0 None
0x154 24 dc  0  24  0 r  . .   8  8  8  0 .  .  0 16  0  0  0  0  0  0 0 None
0x155 24 dc  0  24  0 r  . .   8  8  8  0 .  .  0 16  0 16 16 16  0  0 0 None
0x156 24 dc  0  24  0 r  y .   8  8  8  0 .  .  0 16  0  0  0  0  0  0 0 None
0x157 24 dc  0  24  0 r  y .   8  8  8  0 .  .  0 16  0 16 16 16  0  0 0 None
0x158 24 dc  0  24  0 r  y .   8  8  8  0 .  .  0 16  0  0  0  0  0  0 0 None
0x159 24 dc  0  24  0 r  y .   8  8  8  0 .  .  0 16  0 16 16 16  0  0 0 None
0x15a 24 dc  0  24  0 r  . .   8  8  8  0 .  .  0 24  0  0  0  0  0  0 0 None
0x15b 24 dc  0  24  0 r  . .   8  8  8  0 .  .  0 24  0 16 16 16  0  0 0 None
0x15c 24 dc  0  24  0 r  y .   8  8  8  0 .  .  0 24  0  0  0  0  0  0 0 None
0x15d 24 dc  0  24  0 r  y .   8  8  8  0 .  .  0 24  0 16 16 16  0  0 0 None
0x15e 24 dc  0  24  0 r  y .   8  8  8  0 .  .  0 24  0  0  0  0  0  0 0 None
0x15f 24 dc  0  24  0 r  y .   8  8  8  0 .  .  0 24  0 16 16 16  0  0 0 None
0x160 24 dc  0  24  0 r  . .   8  8  8  0 .  .  0 24  8  0  0  0  0  0 0 None
0x161 24 dc  0  24  0 r  . .   8  8  8  0 .  .  0 24  8 16 16 16  0  0 0 None
0x162 24 dc  0  24  0 r  y .   8  8  8  0 .  .  0 24  8  0  0  0  0  0 0 None
0x163 24 dc  0  24  0 r  y .   8  8  8  0 .  .  0 24  8 16 16 16  0  0 0 None
0x164 24 dc  0  24  0 r  y .   8  8  8  0 .  .  0 24  8  0  0  0  0  0 0 None
0x165 24 dc  0  24  0 r  y .   8  8  8  0 .  .  0 24  8 16 16 16  0  0 0 None
0x166 24 dc  0  24  0 r  . .   8  8  8  0 .  .  0 32  0  0  0  0  0  0 0 None
0x167 24 dc  0  24  0 r  . .   8  8  8  0 .  .  0 32  0 16 16 16  0  0 0 None
0x168 24 dc  0  24  0 r  y .   8  8  8  0 .  .  0 32  0  0  0  0  0  0 0 None
0x169 24 dc  0  24  0 r  y .   8  8  8  0 .  .  0 32  0 16 16 16  0  0 0 None
0x16a 24 dc  0  24  0 r  y .   8  8  8  0 .  .  0 32  0  0  0  0  0  0 0 None
0x16b 24 dc  0  24  0 r  y .   8  8  8  0 .  .  0 32  0 16 16 16  0  0 0 None
0x041 32 tc  0  32  0 r  y .   8  8  8  8 .  .  0 24  8  0  0  0  0  0 0 None

180 GLXFBConfigs:
    visual  x   bf lv rg d st  colorbuffer  sr ax dp st accumbuffer  ms  cav
  id dep cl sp  sz l  ci b ro  r  g  b  a F gb bf th cl  r  g  b  a ns b eat
----------------------------------------------------------------------------
0x042 24 tc  0  32  0 r  . .   8  8  8  8 .  .  0  0  0  0  0  0  0  0 0 None
0x043 24 tc  0  32  0 r  . .   8  8  8  8 .  .  0  0  0 16 16 16 16  0 0 Slow
0x044 24 tc  0  32  0 r  y .   8  8  8  8 .  .  0  0  0  0  0  0  0  0 0 None
0x045 24 tc  0  32  0 r  y .   8  8  8  8 .  .  0  0  0 16 16 16 16  0 0 Slow
0x046 24 tc  0  32  0 r  y .   8  8  8  8 .  .  0  0  0  0  0  0  0  0 0 None
0x047 24 tc  0  32  0 r  y .   8  8  8  8 .  .  0  0  0 16 16 16 16  0 0 Slow
0x048 24 tc  0  32  0 r  . .   8  8  8  8 .  .  0 16  0  0  0  0  0  0 0 None
0x049 24 tc  0  32  0 r  . .   8  8  8  8 .  .  0 16  0 16 16 16 16  0 0 Slow
0x04a 24 tc  0  32  0 r  y .   8  8  8  8 .  .  0 16  0  0  0  0  0  0 0 None
0x04b 24 tc  0  32  0 r  y .   8  8  8  8 .  .  0 16  0 16 16 16 16  0 0 Slow
0x04c 24 tc  0  32  0 r  y .   8  8  8  8 .  .  0 16  0  0  0  0  0  0 0 None
0x04d 24 tc  0  32  0 r  y .   8  8  8  8 .  .  0 16  0 16 16 16 16  0 0 Slow
0x04e 24 tc  0  32  0 r  . .   8  8  8  8 .  .  0 24  0  0  0  0  0  0 0 None
0x04f 24 tc  0  32  0 r  . .   8  8  8  8 .  .  0 24  0 16 16 16 16  0 0 Slow
0x050 24 tc  0  32  0 r  y .   8  8  8  8 .  .  0 24  0  0  0  0  0  0 0 None
0x051 24 tc  0  32  0 r  y .   8  8  8  8 .  .  0 24  0 16 16 16 16  0 0 Slow
0x052 24 tc  0  32  0 r  y .   8  8  8  8 .  .  0 24  0  0  0  0  0  0 0 None
0x053 24 tc  0  32  0 r  y .   8  8  8  8 .  .  0 24  0 16 16 16 16  0 0 Slow
0x054 24 tc  0  32  0 r  . .   8  8  8  8 .  .  0 24  8  0  0  0  0  0 0 None
0x055 24 tc  0  32  0 r  . .   8  8  8  8 .  .  0 24  8 16 16 16 16  0 0 Slow
0x056 24 tc  0  32  0 r  y .   8  8  8  8 .  .  0 24  8  0  0  0  0  0 0 None
0x057 24 tc  0  32  0 r  y .   8  8  8  8 .  .  0 24  8 16 16 16 16  0 0 Slow
0x058 32 tc  0  32  0 r  y .   8  8  8  8 .  .  0 24  8  0  0  0  0  0 0 None
0x059 24 tc  0  32  0 r  y .   8  8  8  8 .  .  0 24  8 16 16 16 16  0 0 Slow
0x05a 24 tc  0  32  0 r  . .   8  8  8  8 .  .  0 32  0  0  0  0  0  0 0 None
0x05b 24 tc  0  32  0 r  . .   8  8  8  8 .  .  0 32  0 16 16 16 16  0 0 Slow
0x05c 24 tc  0  32  0 r  y .   8  8  8  8 .  .  0 32  0  0  0  0  0  0 0 None
0x05d 24 tc  0  32  0 r  y .   8  8  8  8 .  .  0 32  0 16 16 16 16  0 0 Slow
0x05e 24 tc  0  32  0 r  y .   8  8  8  8 .  .  0 32  0  0  0  0  0  0 0 None
0x05f 24 tc  0  32  0 r  y .   8  8  8  8 .  .  0 32  0 16 16 16 16  0 0 Slow
0x060 24 tc  0  24  0 r  . .   8  8  8  0 .  .  0  0  0  0  0  0  0  0 0 None
0x061 24 tc  0  24  0 r  . .   8  8  8  0 .  .  0  0  0 16 16 16  0  0 0 Slow
0x062 24 tc  0  24  0 r  y .   8  8  8  0 .  .  0  0  0  0  0  0  0  0 0 None
0x063 24 tc  0  24  0 r  y .   8  8  8  0 .  .  0  0  0 16 16 16  0  0 0 Slow
0x064 24 tc  0  24  0 r  y .   8  8  8  0 .  .  0  0  0  0  0  0  0  0 0 None
0x065 24 tc  0  24  0 r  y .   8  8  8  0 .  .  0  0  0 16 16 16  0  0 0 Slow
0x066 24 tc  0  24  0 r  . .   8  8  8  0 .  .  0 16  0  0  0  0  0  0 0 None
0x067 24 tc  0  24  0 r  . .   8  8  8  0 .  .  0 16  0 16 16 16  0  0 0 Slow
0x068 24 tc  0  24  0 r  y .   8  8  8  0 .  .  0 16  0  0  0  0  0  0 0 None
0x069 24 tc  0  24  0 r  y .   8  8  8  0 .  .  0 16  0 16 16 16  0  0 0 Slow
0x06a 24 tc  0  24  0 r  y .   8  8  8  0 .  .  0 16  0  0  0  0  0  0 0 None
0x06b 24 tc  0  24  0 r  y .   8  8  8  0 .  .  0 16  0 16 16 16  0  0 0 Slow
0x06c 24 tc  0  24  0 r  . .   8  8  8  0 .  .  0 24  0  0  0  0  0  0 0 None
0x06d 24 tc  0  24  0 r  . .   8  8  8  0 .  .  0 24  0 16 16 16  0  0 0 Slow
0x06e 24 tc  0  24  0 r  y .   8  8  8  0 .  .  0 24  0  0  0  0  0  0 0 None
0x06f 24 tc  0  24  0 r  y .   8  8  8  0 .  .  0 24  0 16 16 16  0  0 0 Slow
0x070 24 tc  0  24  0 r  y .   8  8  8  0 .  .  0 24  0  0  0  0  0  0 0 None
0x071 24 tc  0  24  0 r  y .   8  8  8  0 .  .  0 24  0 16 16 16  0  0 0 Slow
0x072 24 tc  0  24  0 r  . .   8  8  8  0 .  .  0 24  8  0  0  0  0  0 0 None
0x073 24 tc  0  24  0 r  . .   8  8  8  0 .  .  0 24  8 16 16 16  0  0 0 Slow
0x074 24 tc  0  24  0 r  y .   8  8  8  0 .  .  0 24  8  0  0  0  0  0 0 None
0x075 24 tc  0  24  0 r  y .   8  8  8  0 .  .  0 24  8 16 16 16  0  0 0 Slow
0x076 24 tc  0  24  0 r  y .   8  8  8  0 .  .  0 24  8  0  0  0  0  0 0 None
0x077 24 tc  0  24  0 r  y .   8  8  8  0 .  .  0 24  8 16 16 16  0  0 0 Slow
0x078 24 tc  0  24  0 r  . .   8  8  8  0 .  .  0 32  0  0  0  0  0  0 0 None
0x079 24 tc  0  24  0 r  . .   8  8  8  0 .  .  0 32  0 16 16 16  0  0 0 Slow
0x07a 24 tc  0  24  0 r  y .   8  8  8  0 .  .  0 32  0  0  0  0  0  0 0 None
0x07b 24 tc  0  24  0 r  y .   8  8  8  0 .  .  0 32  0 16 16 16  0  0 0 Slow
0x07c 24 tc  0  24  0 r  y .   8  8  8  0 .  .  0 32  0  0  0  0  0  0 0 None
0x07d 24 tc  0  24  0 r  y .   8  8  8  0 .  .  0 32  0 16 16 16  0  0 0 Slow
0x07e  0 tc  0  16  0 r  . .   5  6  5  0 .  .  0  0  0  0  0  0  0  0 0 None
0x07f  0 tc  0  16  0 r  . .   5  6  5  0 .  .  0  0  0 16 16 16  0  0 0 Slow
0x080  0 tc  0  16  0 r  y .   5  6  5  0 .  .  0  0  0  0  0  0  0  0 0 None
0x081  0 tc  0  16  0 r  y .   5  6  5  0 .  .  0  0  0 16 16 16  0  0 0 Slow
0x082  0 tc  0  16  0 r  y .   5  6  5  0 .  .  0  0  0  0  0  0  0  0 0 None
0x083  0 tc  0  16  0 r  y .   5  6  5  0 .  .  0  0  0 16 16 16  0  0 0 Slow
0x084  0 tc  0  16  0 r  . .   5  6  5  0 .  .  0 16  0  0  0  0  0  0 0 None
0x085  0 tc  0  16  0 r  . .   5  6  5  0 .  .  0 16  0 16 16 16  0  0 0 Slow
0x086  0 tc  0  16  0 r  y .   5  6  5  0 .  .  0 16  0  0  0  0  0  0 0 None
0x087  0 tc  0  16  0 r  y .   5  6  5  0 .  .  0 16  0 16 16 16  0  0 0 Slow
0x088  0 tc  0  16  0 r  y .   5  6  5  0 .  .  0 16  0  0  0  0  0  0 0 None
0x089  0 tc  0  16  0 r  y .   5  6  5  0 .  .  0 16  0 16 16 16  0  0 0 Slow
0x08a  0 tc  0  16  0 r  . .   5  6  5  0 .  .  0 24  0  0  0  0  0  0 0 None
0x08b  0 tc  0  16  0 r  . .   5  6  5  0 .  .  0 24  0 16 16 16  0  0 0 Slow
0x08c  0 tc  0  16  0 r  y .   5  6  5  0 .  .  0 24  0  0  0  0  0  0 0 None
0x08d  0 tc  0  16  0 r  y .   5  6  5  0 .  .  0 24  0 16 16 16  0  0 0 Slow
0x08e  0 tc  0  16  0 r  y .   5  6  5  0 .  .  0 24  0  0  0  0  0  0 0 None
0x08f  0 tc  0  16  0 r  y .   5  6  5  0 .  .  0 24  0 16 16 16  0  0 0 Slow
0x090  0 tc  0  16  0 r  . .   5  6  5  0 .  .  0 24  8  0  0  0  0  0 0 None
0x091  0 tc  0  16  0 r  . .   5  6  5  0 .  .  0 24  8 16 16 16  0  0 0 Slow
0x092  0 tc  0  16  0 r  y .   5  6  5  0 .  .  0 24  8  0  0  0  0  0 0 None
0x093  0 tc  0  16  0 r  y .   5  6  5  0 .  .  0 24  8 16 16 16  0  0 0 Slow
0x094  0 tc  0  16  0 r  y .   5  6  5  0 .  .  0 24  8  0  0  0  0  0 0 None
0x095  0 tc  0  16  0 r  y .   5  6  5  0 .  .  0 24  8 16 16 16  0  0 0 Slow
0x096  0 tc  0  16  0 r  . .   5  6  5  0 .  .  0 32  0  0  0  0  0  0 0 None
0x097  0 tc  0  16  0 r  . .   5  6  5  0 .  .  0 32  0 16 16 16  0  0 0 Slow
0x098  0 tc  0  16  0 r  y .   5  6  5  0 .  .  0 32  0  0  0  0  0  0 0 None
0x099  0 tc  0  16  0 r  y .   5  6  5  0 .  .  0 32  0 16 16 16  0  0 0 Slow
0x09a  0 tc  0  16  0 r  y .   5  6  5  0 .  .  0 32  0  0  0  0  0  0 0 None
0x09b  0 tc  0  16  0 r  y .   5  6  5  0 .  .  0 32  0 16 16 16  0  0 0 Slow
0x09c 24 dc  0  32  0 r  . .   8  8  8  8 .  .  0  0  0  0  0  0  0  0 0 None
0x09d 24 dc  0  32  0 r  . .   8  8  8  8 .  .  0  0  0 16 16 16 16  0 0 Slow
0x09e 24 dc  0  32  0 r  y .   8  8  8  8 .  .  0  0  0  0  0  0  0  0 0 None
0x09f 24 dc  0  32  0 r  y .   8  8  8  8 .  .  0  0  0 16 16 16 16  0 0 Slow
0x0a0 24 dc  0  32  0 r  y .   8  8  8  8 .  .  0  0  0  0  0  0  0  0 0 None
0x0a1 24 dc  0  32  0 r  y .   8  8  8  8 .  .  0  0  0 16 16 16 16  0 0 Slow
0x0a2 24 dc  0  32  0 r  . .   8  8  8  8 .  .  0 16  0  0  0  0  0  0 0 None
0x0a3 24 dc  0  32  0 r  . .   8  8  8  8 .  .  0 16  0 16 16 16 16  0 0 Slow
0x0a4 24 dc  0  32  0 r  y .   8  8  8  8 .  .  0 16  0  0  0  0  0  0 0 None
0x0a5 24 dc  0  32  0 r  y .   8  8  8  8 .  .  0 16  0 16 16 16 16  0 0 Slow
0x0a6 24 dc  0  32  0 r  y .   8  8  8  8 .  .  0 16  0  0  0  0  0  0 0 None
0x0a7 24 dc  0  32  0 r  y .   8  8  8  8 .  .  0 16  0 16 16 16 16  0 0 Slow
0x0a8 24 dc  0  32  0 r  . .   8  8  8  8 .  .  0 24  0  0  0  0  0  0 0 None
0x0a9 24 dc  0  32  0 r  . .   8  8  8  8 .  .  0 24  0 16 16 16 16  0 0 Slow
0x0aa 24 dc  0  32  0 r  y .   8  8  8  8 .  .  0 24  0  0  0  0  0  0 0 None
0x0ab 24 dc  0  32  0 r  y .   8  8  8  8 .  .  0 24  0 16 16 16 16  0 0 Slow
0x0ac 24 dc  0  32  0 r  y .   8  8  8  8 .  .  0 24  0  0  0  0  0  0 0 None
0x0ad 24 dc  0  32  0 r  y .   8  8  8  8 .  .  0 24  0 16 16 16 16  0 0 Slow
0x0ae 24 dc  0  32  0 r  . .   8  8  8  8 .  .  0 24  8  0  0  0  0  0 0 None
0x0af 24 dc  0  32  0 r  . .   8  8  8  8 .  .  0 24  8 16 16 16 16  0 0 Slow
0x0b0 24 dc  0  32  0 r  y .   8  8  8  8 .  .  0 24  8  0  0  0  0  0 0 None
0x0b1 24 dc  0  32  0 r  y .   8  8  8  8 .  .  0 24  8 16 16 16 16  0 0 Slow
0x0b2 24 dc  0  32  0 r  y .   8  8  8  8 .  .  0 24  8  0  0  0  0  0 0 None
0x0b3 24 dc  0  32  0 r  y .   8  8  8  8 .  .  0 24  8 16 16 16 16  0 0 Slow
0x0b4 24 dc  0  32  0 r  . .   8  8  8  8 .  .  0 32  0  0  0  0  0  0 0 None
0x0b5 24 dc  0  32  0 r  . .   8  8  8  8 .  .  0 32  0 16 16 16 16  0 0 Slow
0x0b6 24 dc  0  32  0 r  y .   8  8  8  8 .  .  0 32  0  0  0  0  0  0 0 None
0x0b7 24 dc  0  32  0 r  y .   8  8  8  8 .  .  0 32  0 16 16 16 16  0 0 Slow
0x0b8 24 dc  0  32  0 r  y .   8  8  8  8 .  .  0 32  0  0  0  0  0  0 0 None
0x0b9 24 dc  0  32  0 r  y .   8  8  8  8 .  .  0 32  0 16 16 16 16  0 0 Slow
0x0ba 24 dc  0  24  0 r  . .   8  8  8  0 .  .  0  0  0  0  0  0  0  0 0 None
0x0bb 24 dc  0  24  0 r  . .   8  8  8  0 .  .  0  0  0 16 16 16  0  0 0 Slow
0x0bc 24 dc  0  24  0 r  y .   8  8  8  0 .  .  0  0  0  0  0  0  0  0 0 None
0x0bd 24 dc  0  24  0 r  y .   8  8  8  0 .  .  0  0  0 16 16 16  0  0 0 Slow
0x0be 24 dc  0  24  0 r  y .   8  8  8  0 .  .  0  0  0  0  0  0  0  0 0 None
0x0bf 24 dc  0  24  0 r  y .   8  8  8  0 .  .  0  0  0 16 16 16  0  0 0 Slow
0x0c0 24 dc  0  24  0 r  . .   8  8  8  0 .  .  0 16  0  0  0  0  0  0 0 None
0x0c1 24 dc  0  24  0 r  . .   8  8  8  0 .  .  0 16  0 16 16 16  0  0 0 Slow
0x0c2 24 dc  0  24  0 r  y .   8  8  8  0 .  .  0 16  0  0  0  0  0  0 0 None
0x0c3 24 dc  0  24  0 r  y .   8  8  8  0 .  .  0 16  0 16 16 16  0  0 0 Slow
0x0c4 24 dc  0  24  0 r  y .   8  8  8  0 .  .  0 16  0  0  0  0  0  0 0 None
0x0c5 24 dc  0  24  0 r  y .   8  8  8  0 .  .  0 16  0 16 16 16  0  0 0 Slow
0x0c6 24 dc  0  24  0 r  . .   8  8  8  0 .  .  0 24  0  0  0  0  0  0 0 None
0x0c7 24 dc  0  24  0 r  . .   8  8  8  0 .  .  0 24  0 16 16 16  0  0 0 Slow
0x0c8 24 dc  0  24  0 r  y .   8  8  8  0 .  .  0 24  0  0  0  0  0  0 0 None
0x0c9 24 dc  0  24  0 r  y .   8  8  8  0 .  .  0 24  0 16 16 16  0  0 0 Slow
0x0ca 24 dc  0  24  0 r  y .   8  8  8  0 .  .  0 24  0  0  0  0  0  0 0 None
0x0cb 24 dc  0  24  0 r  y .   8  8  8  0 .  .  0 24  0 16 16 16  0  0 0 Slow
0x0cc 24 dc  0  24  0 r  . .   8  8  8  0 .  .  0 24  8  0  0  0  0  0 0 None
0x0cd 24 dc  0  24  0 r  . .   8  8  8  0 .  .  0 24  8 16 16 16  0  0 0 Slow
0x0ce 24 dc  0  24  0 r  y .   8  8  8  0 .  .  0 24  8  0  0  0  0  0 0 None
0x0cf 24 dc  0  24  0 r  y .   8  8  8  0 .  .  0 24  8 16 16 16  0  0 0 Slow
0x0d0 24 dc  0  24  0 r  y .   8  8  8  0 .  .  0 24  8  0  0  0  0  0 0 None
0x0d1 24 dc  0  24  0 r  y .   8  8  8  0 .  .  0 24  8 16 16 16  0  0 0 Slow
0x0d2 24 dc  0  24  0 r  . .   8  8  8  0 .  .  0 32  0  0  0  0  0  0 0 None
0x0d3 24 dc  0  24  0 r  . .   8  8  8  0 .  .  0 32  0 16 16 16  0  0 0 Slow
0x0d4 24 dc  0  24  0 r  y .   8  8  8  0 .  .  0 32  0  0  0  0  0  0 0 None
0x0d5 24 dc  0  24  0 r  y .   8  8  8  0 .  .  0 32  0 16 16 16  0  0 0 Slow
0x0d6 24 dc  0  24  0 r  y .   8  8  8  0 .  .  0 32  0  0  0  0  0  0 0 None
0x0d7 24 dc  0  24  0 r  y .   8  8  8  0 .  .  0 32  0 16 16 16  0  0 0 Slow
0x0d8  0 dc  0  16  0 r  . .   5  6  5  0 .  .  0  0  0  0  0  0  0  0 0 None
0x0d9  0 dc  0  16  0 r  . .   5  6  5  0 .  .  0  0  0 16 16 16  0  0 0 Slow
0x0da  0 dc  0  16  0 r  y .   5  6  5  0 .  .  0  0  0  0  0  0  0  0 0 None
0x0db  0 dc  0  16  0 r  y .   5  6  5  0 .  .  0  0  0 16 16 16  0  0 0 Slow
0x0dc  0 dc  0  16  0 r  y .   5  6  5  0 .  .  0  0  0  0  0  0  0  0 0 None
0x0dd  0 dc  0  16  0 r  y .   5  6  5  0 .  .  0  0  0 16 16 16  0  0 0 Slow
0x0de  0 dc  0  16  0 r  . .   5  6  5  0 .  .  0 16  0  0  0  0  0  0 0 None
0x0df  0 dc  0  16  0 r  . .   5  6  5  0 .  .  0 16  0 16 16 16  0  0 0 Slow
0x0e0  0 dc  0  16  0 r  y .   5  6  5  0 .  .  0 16  0  0  0  0  0  0 0 None
0x0e1  0 dc  0  16  0 r  y .   5  6  5  0 .  .  0 16  0 16 16 16  0  0 0 Slow
0x0e2  0 dc  0  16  0 r  y .   5  6  5  0 .  .  0 16  0  0  0  0  0  0 0 None
0x0e3  0 dc  0  16  0 r  y .   5  6  5  0 .  .  0 16  0 16 16 16  0  0 0 Slow
0x0e4  0 dc  0  16  0 r  . .   5  6  5  0 .  .  0 24  0  0  0  0  0  0 0 None
0x0e5  0 dc  0  16  0 r  . .   5  6  5  0 .  .  0 24  0 16 16 16  0  0 0 Slow
0x0e6  0 dc  0  16  0 r  y .   5  6  5  0 .  .  0 24  0  0  0  0  0  0 0 None
0x0e7  0 dc  0  16  0 r  y .   5  6  5  0 .  .  0 24  0 16 16 16  0  0 0 Slow
0x0e8  0 dc  0  16  0 r  y .   5  6  5  0 .  .  0 24  0  0  0  0  0  0 0 None
0x0e9  0 dc  0  16  0 r  y .   5  6  5  0 .  .  0 24  0 16 16 16  0  0 0 Slow
0x0ea  0 dc  0  16  0 r  . .   5  6  5  0 .  .  0 24  8  0  0  0  0  0 0 None
0x0eb  0 dc  0  16  0 r  . .   5  6  5  0 .  .  0 24  8 16 16 16  0  0 0 Slow
0x0ec  0 dc  0  16  0 r  y .   5  6  5  0 .  .  0 24  8  0  0  0  0  0 0 None
0x0ed  0 dc  0  16  0 r  y .   5  6  5  0 .  .  0 24  8 16 16 16  0  0 0 Slow
0x0ee  0 dc  0  16  0 r  y .   5  6  5  0 .  .  0 24  8  0  0  0  0  0 0 None
0x0ef  0 dc  0  16  0 r  y .   5  6  5  0 .  .  0 24  8 16 16 16  0  0 0 Slow
0x0f0  0 dc  0  16  0 r  . .   5  6  5  0 .  .  0 32  0  0  0  0  0  0 0 None
0x0f1  0 dc  0  16  0 r  . .   5  6  5  0 .  .  0 32  0 16 16 16  0  0 0 Slow
0x0f2  0 dc  0  16  0 r  y .   5  6  5  0 .  .  0 32  0  0  0  0  0  0 0 None
0x0f3  0 dc  0  16  0 r  y .   5  6  5  0 .  .  0 32  0 16 16 16  0  0 0 Slow
0x0f4  0 dc  0  16  0 r  y .   5  6  5  0 .  .  0 32  0  0  0  0  0  0 0 None
0x0f5  0 dc  0  16  0 r  y .   5  6  5  0 .  .  0 32  0 16 16 16  0  0 0 Slow

