[   872.762] 
X.Org X Server 1.10.6
Release Date: 2012-02-10
[   872.763] X Protocol Version 11, Revision 0
[   872.763] Build Operating System: Linux 3.0.35-02701-g6ea2512 armv7l Gentoo
[   872.764] Current Operating System: Linux tv.lan 3.0.35-02701-g6ea2512 #4 SMP PREEMPT Sat May 18 09:43:27 EDT 2013 armv7l
[   872.764] Kernel command line: console=ttymxc3,115200 root=/dev/mmcblk0p2 rootwait rootfstype=ext4 video=mxcfb0:dev=hdmi,1280x720M@60 fbmem=32M
[   872.764] Build Date: 17 May 2013  09:05:23AM
[   872.765]  
[   872.765] Current version of pixman: 0.30.0
[   872.766] 	Before reporting problems, check http://wiki.x.org
	to make sure that you have the latest version.
[   872.766] Markers: (--) probed, (**) from config file, (==) default setting,
	(++) from command line, (!!) notice, (II) informational,
	(WW) warning, (EE) error, (NI) not implemented, (??) unknown.
[   872.768] (==) Log file: "/var/log/Xorg.0.log", Time: Sun May 19 16:52:00 2013
[   872.769] (==) Using config file: "/etc/X11/xorg.conf"
[   872.769] (==) Using system config directory "/usr/share/X11/xorg.conf.d"
[   872.770] (==) ServerLayout "Default Layout"
[   872.770] (**) |-->Screen "Default Screen" (0)
[   872.770] (**) |   |-->Monitor "Configured Monitor"
[   872.770] (**) |   |-->Device "i.MX Accelerated Framebuffer Device"
[   872.771] (==) Automatically adding devices
[   872.771] (==) Automatically enabling devices
[   872.771] (==) FontPath set to:
	/usr/share/fonts/misc/,
	/usr/share/fonts/TTF/,
	/usr/share/fonts/OTF/,
	/usr/share/fonts/Type1/,
	/usr/share/fonts/100dpi/,
	/usr/share/fonts/75dpi/
[   872.771] (==) ModulePath set to "/usr/lib/xorg/modules"
[   872.771] (II) The server relies on udev to provide the list of input devices.
	If no devices become available, reconfigure udev or disable AutoAddDevices.
[   872.771] (II) Loader magic: 0x1913b4
[   872.771] (II) Module ABI versions:
[   872.771] 	X.Org ANSI C Emulation: 0.4
[   872.771] 	X.Org Video Driver: 10.0
[   872.771] 	X.Org XInput driver : 12.2
[   872.771] 	X.Org Server Extension : 5.0
[   872.772] (II) Open APM successful
[   872.772] (II) LoadModule: "extmod"
[   872.773] (II) Loading /usr/lib/xorg/modules/extensions/libextmod.so
[   872.773] (II) Module extmod: vendor="X.Org Foundation"
[   872.773] 	compiled for 1.10.6, module version = 1.0.0
[   872.774] 	Module class: X.Org Server Extension
[   872.774] 	ABI class: X.Org Server Extension, version 5.0
[   872.774] (II) Loading extension MIT-SCREEN-SAVER
[   872.774] (II) Loading extension XFree86-VidModeExtension
[   872.774] (II) Loading extension XFree86-DGA
[   872.774] (II) Loading extension DPMS
[   872.774] (II) Loading extension XVideo
[   872.774] (II) Loading extension XVideo-MotionCompensation
[   872.774] (II) Loading extension X-Resource
[   872.774] (II) LoadModule: "dbe"
[   872.775] (II) Loading /usr/lib/xorg/modules/extensions/libdbe.so
[   872.775] (II) Module dbe: vendor="X.Org Foundation"
[   872.775] 	compiled for 1.10.6, module version = 1.0.0
[   872.775] 	Module class: X.Org Server Extension
[   872.775] 	ABI class: X.Org Server Extension, version 5.0
[   872.775] (II) Loading extension DOUBLE-BUFFER
[   872.775] (II) LoadModule: "glx"
[   872.776] (II) Loading /usr/lib/xorg/modules/extensions/libglx.so
[   872.776] (II) Module glx: vendor="X.Org Foundation"
[   872.776] 	compiled for 1.10.6, module version = 1.0.0
[   872.776] 	ABI class: X.Org Server Extension, version 5.0
[   872.776] (==) AIGLX enabled
[   872.776] (II) Loading extension GLX
[   872.776] (II) LoadModule: "record"
[   872.777] (II) Loading /usr/lib/xorg/modules/extensions/librecord.so
[   872.777] (II) Module record: vendor="X.Org Foundation"
[   872.777] 	compiled for 1.10.6, module version = 1.13.0
[   872.777] 	Module class: X.Org Server Extension
[   872.777] 	ABI class: X.Org Server Extension, version 5.0
[   872.777] (II) Loading extension RECORD
[   872.777] (II) LoadModule: "dri"
[   872.778] (II) Loading /usr/lib/xorg/modules/extensions/libdri.so
[   872.779] (II) Module dri: vendor="X.Org Foundation"
[   872.779] 	compiled for 1.10.6, module version = 1.0.0
[   872.779] 	ABI class: X.Org Server Extension, version 5.0
[   872.779] (II) Loading extension XFree86-DRI
[   872.779] (II) LoadModule: "dri2"
[   872.780] (II) Loading /usr/lib/xorg/modules/extensions/libdri2.so
[   872.781] (II) Module dri2: vendor="X.Org Foundation"
[   872.781] 	compiled for 1.10.6, module version = 1.2.0
[   872.781] 	ABI class: X.Org Server Extension, version 5.0
[   872.781] (II) Loading extension DRI2
[   872.781] (II) LoadModule: "vivante"
[   872.782] (II) Loading /usr/lib/xorg/modules/drivers/vivante_drv.so
[   872.790] (II) Module vivante: vendor="X.Org Foundation"
[   872.790] 	compiled for 1.10.6, module version = 1.0.0
[   872.790] 	ABI class: X.Org Video Driver, version 10.0
[   872.790] (II) VIVANTE: fb driver for vivante: VivanteGC500, VivanteGC2100,
	VivanteGCCORE
[   872.791] (--) using VT number 7

[   872.808] (WW) Falling back to old probe method for vivante
[   872.808] (II) Loading sub module "fbdevhw"
[   872.808] (II) LoadModule: "fbdevhw"
[   872.809] (II) Loading /usr/lib/xorg/modules/libfbdevhw.so
[   872.809] (II) Module fbdevhw: vendor="X.Org Foundation"
[   872.809] 	compiled for 1.10.6, module version = 0.0.2
[   872.809] 	ABI class: X.Org Video Driver, version 10.0
[   872.810] (II) Loading /usr/lib/xorg/modules/drivers/vivante_drv.so
[   872.810] (II) Loading /usr/lib/xorg/modules/libfbdevhw.so
[   872.810] (II) VIVANTE(0): using default device
[   872.810] (WW) VGA arbiter: cannot open kernel arbiter, no multi-card support
[   872.810] (II) VIVANTE(0): Creating default Display subsection in Screen section
	"Default Screen" for depth/fbbpp 24/32
[   872.810] (==) VIVANTE(0): Depth 24, (==) framebuffer bpp 32
[   872.810] (==) VIVANTE(0): RGB weight 888
[   872.810] (==) VIVANTE(0): Default visual is TrueColor
[   872.810] (==) VIVANTE(0): Using gamma correction (1.0, 1.0, 1.0)
[   872.810] (II) VIVANTE(0): hardware: DISP3 BG (video memory: 32768kB)
[   872.811] (II) VIVANTE(0): checking modes against framebuffer device...
[   872.811] (II) VIVANTE(0): checking modes against monitor...
[   872.811] (--) VIVANTE(0): Virtual size is 1280x720 (pitch 1280)
[   872.811] (**) VIVANTE(0):  Built-in mode "current": 74.2 MHz, 45.0 kHz, 60.0 Hz
[   872.811] (II) VIVANTE(0): Modeline "current"x0.0   74.25  1280 1390 1430 1650  720 725 730 750 -hsync -vsync -csync (45.0 kHz)
[   872.811] (==) VIVANTE(0): DPI set to (96, 96)
[   872.811] (II) Loading sub module "fb"
[   872.811] (II) LoadModule: "fb"
[   872.811] (II) Loading /usr/lib/xorg/modules/libfb.so
[   872.813] (II) Module fb: vendor="X.Org Foundation"
[   872.813] 	compiled for 1.10.6, module version = 1.0.0
[   872.813] 	ABI class: X.Org ANSI C Emulation, version 0.4
[   872.813] (II) Loading sub module "exa"
[   872.813] (II) LoadModule: "exa"
[   872.813] (II) Loading /usr/lib/xorg/modules/libexa.so
[   872.814] (II) Module exa: vendor="X.Org Foundation"
[   872.814] 	compiled for 1.10.6, module version = 2.5.0
[   872.814] 	ABI class: X.Org Video Driver, version 10.0
[   872.814] (--) Depth 24 pixmap format is 32 bpp
[   872.900] (II) VIVANTE(0): FB Start = 0x37191000  FB Base = 0x37191000  FB Offset = (nil)
[   872.900] (II) VIVANTE(0): test Initializing EXA
[   872.901] (II) EXA(0): Driver allocated offscreen pixmaps
[   872.901] (II) EXA(0): Driver registered support for the following operations:
[   872.901] (II)         Solid
[   872.901] (II)         Copy
[   872.901] (II)         Composite (RENDER acceleration)
[   872.901] (II)         UploadToScreen
[   872.907] (==) VIVANTE(0): Backing store disabled
[   872.909] (==) VIVANTE(0): DPMS enabled
[   872.909] drmOpenDevice: node name is /dev/dri/card0
[   872.909] drmOpenDevice: open result is 9, (OK)
[   872.909] drmOpenDevice: node name is /dev/dri/card0
[   872.909] drmOpenDevice: open result is 9, (OK)
[   872.909] drmOpenByBusid: Searching for BusID platform:Vivante GCCore
[   872.909] drmOpenDevice: node name is /dev/dri/card0
[   872.909] drmOpenDevice: open result is 9, (OK)
[   872.909] drmOpenByBusid: drmOpenMinor returns 9
[   872.910] drmOpenByBusid: drmGetBusid reports platform:Vivante GCCore
[   872.910] (II) [drm] DRM interface version 1.4
[   872.910] (II) [drm] DRM open master succeeded.
[   872.910] (II) VIVANTE(0): [drm] Using the DRM lock SAREA also for drawables.
[   872.910] (II) VIVANTE(0): [drm] framebuffer handle = 0x4e000000
[   872.911] (II) VIVANTE(0): [drm] added 1 reserved context for kernel
[   872.911] (II) VIVANTE(0): X context handle = 0x1
[   872.911] (II) VIVANTE(0): [drm] installed DRM signal handler
[   872.912] (II) VIVANTE(0): [DRI] installation complete
[   872.912] (==) RandR enabled
[   872.912] (II) Initializing built-in extension Generic Event Extension
[   872.912] (II) Initializing built-in extension SHAPE
[   872.912] (II) Initializing built-in extension MIT-SHM
[   872.912] (II) Initializing built-in extension XInputExtension
[   872.912] (II) Initializing built-in extension XTEST
[   872.912] (II) Initializing built-in extension BIG-REQUESTS
[   872.912] (II) Initializing built-in extension SYNC
[   872.912] (II) Initializing built-in extension XKEYBOARD
[   872.912] (II) Initializing built-in extension XC-MISC
[   872.912] (II) Initializing built-in extension XINERAMA
[   872.912] (II) Initializing built-in extension XFIXES
[   872.912] (II) Initializing built-in extension RENDER
[   872.912] (II) Initializing built-in extension RANDR
[   872.912] (II) Initializing built-in extension COMPOSITE
[   872.912] (II) Initializing built-in extension DAMAGE
[   872.954] (II) AIGLX: Screen 0 is not DRI2 capable
[   872.954] drmOpenDevice: node name is /dev/dri/card0
[   872.954] drmOpenDevice: open result is 10, (OK)
[   872.954] drmOpenByBusid: Searching for BusID platform:Vivante GCCore
[   872.954] drmOpenDevice: node name is /dev/dri/card0
[   872.955] drmOpenDevice: open result is 10, (OK)
[   872.955] drmOpenByBusid: drmOpenMinor returns 10
[   872.955] drmOpenByBusid: Interface 1.4 failed, trying 1.1
[   872.955] drmOpenByBusid: drmGetBusid reports platform:Vivante GCCore
[   872.973] (EE) AIGLX error: vivante exports no extensions (/usr/lib/dri/vivante_dri.so: undefined symbol: __driDriverExtensions)
[   872.973] (EE) AIGLX: reverting to software rendering
[   872.979] (II) AIGLX: Loaded and initialized /usr/lib/dri/swrast_dri.so
[   872.980] (II) GLX: Initialized DRISWRAST GL provider for screen 0
[   873.758] (II) config/udev: Adding input device NOVATEK USB Keyboard (/dev/input/event0)
[   873.758] (**) NOVATEK USB Keyboard: Applying InputClass "evdev keyboard catchall"
[   873.758] (II) LoadModule: "evdev"
[   873.759] (II) Loading /usr/lib/xorg/modules/input/evdev_drv.so
[   873.759] (II) Module evdev: vendor="X.Org Foundation"
[   873.759] 	compiled for 1.10.6, module version = 2.7.3
[   873.759] 	Module class: X.Org XInput Driver
[   873.759] 	ABI class: X.Org XInput driver, version 12.2
[   873.759] (II) Using input driver 'evdev' for 'NOVATEK USB Keyboard'
[   873.759] (II) Loading /usr/lib/xorg/modules/input/evdev_drv.so
[   873.759] (**) NOVATEK USB Keyboard: always reports core events
[   873.760] (**) evdev: NOVATEK USB Keyboard: Device: "/dev/input/event0"
[   873.760] (--) evdev: NOVATEK USB Keyboard: Vendor 0x603 Product 0xf2
[   873.760] (--) evdev: NOVATEK USB Keyboard: Found keys
[   873.760] (II) evdev: NOVATEK USB Keyboard: Configuring as keyboard
[   873.760] (**) Option "config_info" "udev:/sys/devices/platform/fsl-ehci.0/usb1/1-1/1-1.4/1-1.4.2/1-1.4.2:1.0/input/input0/event0"
[   873.760] (II) XINPUT: Adding extended input device "NOVATEK USB Keyboard" (type: KEYBOARD)
[   873.760] (**) Option "xkb_rules" "evdev"
[   873.760] (**) Option "xkb_model" "evdev"
[   873.760] (**) Option "xkb_layout" "us"
[   873.847] (II) config/udev: Adding input device NOVATEK USB Keyboard (/dev/input/event1)
[   873.847] (**) NOVATEK USB Keyboard: Applying InputClass "evdev keyboard catchall"
[   873.847] (II) Using input driver 'evdev' for 'NOVATEK USB Keyboard'
[   873.847] (II) Loading /usr/lib/xorg/modules/input/evdev_drv.so
[   873.847] (**) NOVATEK USB Keyboard: always reports core events
[   873.847] (**) evdev: NOVATEK USB Keyboard: Device: "/dev/input/event1"
[   873.847] (--) evdev: NOVATEK USB Keyboard: Vendor 0x603 Product 0xf2
[   873.847] (--) evdev: NOVATEK USB Keyboard: Found 20 mouse buttons
[   873.847] (--) evdev: NOVATEK USB Keyboard: Found keys
[   873.847] (II) evdev: NOVATEK USB Keyboard: Forcing relative x/y axes to exist.
[   873.847] (II) evdev: NOVATEK USB Keyboard: Configuring as mouse
[   873.847] (II) evdev: NOVATEK USB Keyboard: Configuring as keyboard
[   873.847] (**) evdev: NOVATEK USB Keyboard: YAxisMapping: buttons 4 and 5
[   873.847] (**) evdev: NOVATEK USB Keyboard: EmulateWheelButton: 4, EmulateWheelInertia: 10, EmulateWheelTimeout: 200
[   873.848] (**) Option "config_info" "udev:/sys/devices/platform/fsl-ehci.0/usb1/1-1/1-1.4/1-1.4.2/1-1.4.2:1.1/input/input1/event1"
[   873.848] (II) XINPUT: Adding extended input device "NOVATEK USB Keyboard" (type: KEYBOARD)
[   873.848] (**) Option "xkb_rules" "evdev"
[   873.848] (**) Option "xkb_model" "evdev"
[   873.848] (**) Option "xkb_layout" "us"
[   873.851] (II) config/udev: Adding input device  KYE   Optical Mouse (/dev/input/event2)
[   873.851] (**)  KYE   Optical Mouse: Applying InputClass "evdev pointer catchall"
[   873.851] (II) Using input driver 'evdev' for ' KYE   Optical Mouse'
[   873.851] (II) Loading /usr/lib/xorg/modules/input/evdev_drv.so
[   873.851] (**)  KYE   Optical Mouse: always reports core events
[   873.851] (**) evdev:  KYE   Optical Mouse: Device: "/dev/input/event2"
[   873.852] (--) evdev:  KYE   Optical Mouse: Vendor 0x458 Product 0x7
[   873.852] (--) evdev:  KYE   Optical Mouse: Found 3 mouse buttons
[   873.852] (--) evdev:  KYE   Optical Mouse: Found scroll wheel(s)
[   873.852] (--) evdev:  KYE   Optical Mouse: Found relative axes
[   873.852] (--) evdev:  KYE   Optical Mouse: Found x and y relative axes
[   873.852] (II) evdev:  KYE   Optical Mouse: Configuring as mouse
[   873.852] (II) evdev:  KYE   Optical Mouse: Adding scrollwheel support
[   873.852] (**) evdev:  KYE   Optical Mouse: YAxisMapping: buttons 4 and 5
[   873.852] (**) evdev:  KYE   Optical Mouse: EmulateWheelButton: 4, EmulateWheelInertia: 10, EmulateWheelTimeout: 200
[   873.852] (**) Option "config_info" "udev:/sys/devices/platform/fsl-ehci.0/usb1/1-1/1-1.4/1-1.4.3/1-1.4.3:1.0/input/input2/event2"
[   873.852] (II) XINPUT: Adding extended input device " KYE   Optical Mouse" (type: MOUSE)
[   873.852] (II) evdev:  KYE   Optical Mouse: initialized for relative axes.
[   873.853] (**)  KYE   Optical Mouse: (accel) keeping acceleration scheme 1
[   873.853] (**)  KYE   Optical Mouse: (accel) acceleration profile 0
[   873.853] (**)  KYE   Optical Mouse: (accel) acceleration factor: 2.000
[   873.853] (**)  KYE   Optical Mouse: (accel) acceleration threshold: 4
[   873.854] (II) config/udev: Adding input device  KYE   Optical Mouse (/dev/input/mouse0)
[   873.854] (II) No input driver specified, ignoring this device.
[   873.854] (II) This device may have been added with another device file.
